2024-11-18 14:46:16,410 INFO Epoch 0: [64/782 (8%)]	Loss: 0.695400
2024-11-18 14:46:16,410 INFO Epoch 0 completed
2024-11-18 14:46:17,013 INFO Epoch 0: [128/782 (15%)]	Loss: 0.691656
2024-11-18 14:46:17,013 INFO Epoch 0 completed
2024-11-18 14:46:17,505 INFO Epoch 0: [192/782 (23%)]	Loss: 0.692479
2024-11-18 14:46:17,513 INFO Epoch 0 completed
2024-11-18 14:46:18,064 INFO Epoch 0: [256/782 (31%)]	Loss: 0.693110
2024-11-18 14:46:18,064 INFO Epoch 0 completed
2024-11-18 14:46:18,891 INFO Epoch 0: [384/782 (46%)]	Loss: 0.691451
2024-11-18 14:46:18,891 INFO Epoch 0 completed
2024-11-18 14:46:19,390 INFO Epoch 0: [448/782 (54%)]	Loss: 0.691521
2024-11-18 14:46:19,390 INFO Epoch 0 completed
2024-11-18 14:46:19,899 INFO Epoch 0: [512/782 (62%)]	Loss: 0.689820
2024-11-18 14:46:19,916 INFO Epoch 0 completed
2024-11-18 14:46:20,574 INFO Epoch 0: [576/782 (69%)]	Loss: 0.692540
2024-11-18 14:46:20,574 INFO Epoch 0 completed
2024-11-18 14:46:21,435 INFO Epoch 0: [704/782 (85%)]	Loss: 0.691761
2024-11-18 14:46:21,435 INFO Epoch 0 completed
2024-11-18 14:46:21,548 INFO Epoch 0: [168/782 (92%)]	Loss: 0.688867
2024-11-18 14:46:21,548 INFO Epoch 0 completed
2024-11-18 14:46:22,331 INFO Epoch 1: [64/782 (8%)]	Loss: 0.692323
2024-11-18 14:46:22,339 INFO Epoch 1 completed
2024-11-18 14:46:23,015 INFO Epoch 1: [128/782 (15%)]	Loss: 0.691909
2024-11-18 14:46:23,015 INFO Epoch 1 completed
2024-11-18 14:46:23,507 INFO Epoch 1: [192/782 (23%)]	Loss: 0.691538
2024-11-18 14:46:23,507 INFO Epoch 1 completed
2024-11-18 14:46:23,990 INFO Epoch 1: [256/782 (31%)]	Loss: 0.692777
2024-11-18 14:46:23,990 INFO Epoch 1 completed
2024-11-18 14:46:24,910 INFO Epoch 1: [384/782 (46%)]	Loss: 0.686882
2024-11-18 14:46:24,910 INFO Epoch 1 completed
2024-11-18 14:46:25,387 INFO Epoch 1: [448/782 (54%)]	Loss: 0.686926
2024-11-18 14:46:25,387 INFO Epoch 1 completed
2024-11-18 14:46:26,077 INFO Epoch 1: [512/782 (62%)]	Loss: 0.689675
2024-11-18 14:46:26,077 INFO Epoch 1 completed
2024-11-18 14:46:26,568 INFO Epoch 1: [576/782 (69%)]	Loss: 0.683641
2024-11-18 14:46:26,568 INFO Epoch 1 completed
2024-11-18 14:46:27,412 INFO Epoch 1: [704/782 (85%)]	Loss: 0.704926
2024-11-18 14:46:27,412 INFO Epoch 1 completed
2024-11-18 14:46:27,541 INFO Epoch 1: [168/782 (92%)]	Loss: 0.690230
2024-11-18 14:46:27,541 INFO Epoch 1 completed
2024-11-18 14:46:28,532 INFO Epoch 2: [64/782 (8%)]	Loss: 0.696909
2024-11-18 14:46:28,532 INFO Epoch 2 completed
2024-11-18 14:46:29,063 INFO Epoch 2: [128/782 (15%)]	Loss: 0.689033
2024-11-18 14:46:29,063 INFO Epoch 2 completed
2024-11-18 14:46:29,650 INFO Epoch 2: [192/782 (23%)]	Loss: 0.685995
2024-11-18 14:46:29,650 INFO Epoch 2 completed
2024-11-18 14:46:30,358 INFO Epoch 2: [256/782 (31%)]	Loss: 0.696119
2024-11-18 14:46:30,358 INFO Epoch 2 completed
2024-11-18 14:46:31,250 INFO Epoch 2: [384/782 (46%)]	Loss: 0.699524
2024-11-18 14:46:31,250 INFO Epoch 2 completed
2024-11-18 14:46:31,709 INFO Epoch 2: [448/782 (54%)]	Loss: 0.694098
2024-11-18 14:46:31,709 INFO Epoch 2 completed
2024-11-18 14:46:32,219 INFO Epoch 2: [512/782 (62%)]	Loss: 0.686571
2024-11-18 14:46:32,219 INFO Epoch 2 completed
2024-11-18 14:46:32,766 INFO Epoch 2: [576/782 (69%)]	Loss: 0.704015
2024-11-18 14:46:32,766 INFO Epoch 2 completed
2024-11-18 14:46:33,647 INFO Epoch 2: [704/782 (85%)]	Loss: 0.688282
2024-11-18 14:46:33,647 INFO Epoch 2 completed
2024-11-18 14:46:33,775 INFO Epoch 2: [168/782 (92%)]	Loss: 0.687608
2024-11-18 14:46:33,775 INFO Epoch 2 completed
2024-11-18 14:46:34,554 INFO Epoch 3: [64/782 (8%)]	Loss: 0.691920
2024-11-18 14:46:34,554 INFO Epoch 3 completed
2024-11-18 14:46:35,233 INFO Epoch 3: [128/782 (15%)]	Loss: 0.689099
2024-11-18 14:46:35,233 INFO Epoch 3 completed
2024-11-18 14:46:35,758 INFO Epoch 3: [192/782 (23%)]	Loss: 0.691645
2024-11-18 14:46:35,758 INFO Epoch 3 completed
2024-11-18 14:46:36,378 INFO Epoch 3: [256/782 (31%)]	Loss: 0.692327
2024-11-18 14:46:36,378 INFO Epoch 3 completed
2024-11-18 14:46:37,393 INFO Epoch 3: [384/782 (46%)]	Loss: 0.696490
2024-11-18 14:46:37,393 INFO Epoch 3 completed
2024-11-18 14:46:38,093 INFO Epoch 3: [448/782 (54%)]	Loss: 0.693400
2024-11-18 14:46:38,093 INFO Epoch 3 completed
2024-11-18 14:46:38,590 INFO Epoch 3: [512/782 (62%)]	Loss: 0.696296
2024-11-18 14:46:38,590 INFO Epoch 3 completed
2024-11-18 14:46:39,234 INFO Epoch 3: [576/782 (69%)]	Loss: 0.693978
2024-11-18 14:46:39,234 INFO Epoch 3 completed
2024-11-18 14:46:40,215 INFO Epoch 3: [704/782 (85%)]	Loss: 0.690061
2024-11-18 14:46:40,215 INFO Epoch 3 completed
2024-11-18 14:46:40,335 INFO Epoch 3: [168/782 (92%)]	Loss: 0.699461
2024-11-18 14:46:40,335 INFO Epoch 3 completed
2024-11-18 14:46:41,231 INFO Epoch 4: [64/782 (8%)]	Loss: 0.688798
2024-11-18 14:46:41,231 INFO Epoch 4 completed
2024-11-18 14:46:41,699 INFO Epoch 4: [128/782 (15%)]	Loss: 0.691971
2024-11-18 14:46:41,699 INFO Epoch 4 completed
2024-11-18 14:46:42,368 INFO Epoch 4: [192/782 (23%)]	Loss: 0.689574
2024-11-18 14:46:42,368 INFO Epoch 4 completed
2024-11-18 14:46:42,883 INFO Epoch 4: [256/782 (31%)]	Loss: 0.691133
2024-11-18 14:46:42,883 INFO Epoch 4 completed
2024-11-18 14:46:43,905 INFO Epoch 4: [384/782 (46%)]	Loss: 0.693130
2024-11-18 14:46:43,905 INFO Epoch 4 completed
2024-11-18 14:46:44,424 INFO Epoch 4: [448/782 (54%)]	Loss: 0.689584
2024-11-18 14:46:44,424 INFO Epoch 4 completed
2024-11-18 14:46:45,092 INFO Epoch 4: [512/782 (62%)]	Loss: 0.690192
2024-11-18 14:46:45,092 INFO Epoch 4 completed
2024-11-18 14:46:45,621 INFO Epoch 4: [576/782 (69%)]	Loss: 0.692025
2024-11-18 14:46:45,628 INFO Epoch 4 completed
2024-11-18 14:46:46,540 INFO Epoch 4: [704/782 (85%)]	Loss: 0.693429
2024-11-18 14:46:46,540 INFO Epoch 4 completed
2024-11-18 14:46:46,661 INFO Epoch 4: [168/782 (92%)]	Loss: 0.688665
2024-11-18 14:46:46,661 INFO Epoch 4 completed
2024-11-18 14:46:47,523 INFO Epoch 5: [64/782 (8%)]	Loss: 0.690867
2024-11-18 14:46:47,523 INFO Epoch 5 completed
2024-11-18 14:46:47,991 INFO Epoch 5: [128/782 (15%)]	Loss: 0.691501
2024-11-18 14:46:47,991 INFO Epoch 5 completed
2024-11-18 14:46:48,492 INFO Epoch 5: [192/782 (23%)]	Loss: 0.693153
2024-11-18 14:46:48,492 INFO Epoch 5 completed
2024-11-18 14:46:49,032 INFO Epoch 5: [256/782 (31%)]	Loss: 0.688395
2024-11-18 14:46:49,032 INFO Epoch 5 completed
2024-11-18 14:46:49,960 INFO Epoch 5: [384/782 (46%)]	Loss: 0.694044
2024-11-18 14:46:49,960 INFO Epoch 5 completed
2024-11-18 14:46:50,474 INFO Epoch 5: [448/782 (54%)]	Loss: 0.685834
2024-11-18 14:46:50,474 INFO Epoch 5 completed
2024-11-18 14:46:51,030 INFO Epoch 5: [512/782 (62%)]	Loss: 0.691961
2024-11-18 14:46:51,030 INFO Epoch 5 completed
2024-11-18 14:46:51,731 INFO Epoch 5: [576/782 (69%)]	Loss: 0.694854
2024-11-18 14:46:51,731 INFO Epoch 5 completed
2024-11-18 14:46:52,561 INFO Epoch 5: [704/782 (85%)]	Loss: 0.693601
2024-11-18 14:46:52,561 INFO Epoch 5 completed
2024-11-18 14:46:52,717 INFO Epoch 5: [168/782 (92%)]	Loss: 0.692401
2024-11-18 14:46:52,723 INFO Epoch 5 completed
2024-11-18 14:46:53,608 INFO Epoch 6: [64/782 (8%)]	Loss: 0.694583
2024-11-18 14:46:53,608 INFO Epoch 6 completed
2024-11-18 14:46:54,183 INFO Epoch 6: [128/782 (15%)]	Loss: 0.691107
2024-11-18 14:46:54,183 INFO Epoch 6 completed
2024-11-18 14:46:54,729 INFO Epoch 6: [192/782 (23%)]	Loss: 0.692011
2024-11-18 14:46:54,729 INFO Epoch 6 completed
2024-11-18 14:46:55,367 INFO Epoch 6: [256/782 (31%)]	Loss: 0.695337
2024-11-18 14:46:55,367 INFO Epoch 6 completed
2024-11-18 14:46:56,212 INFO Epoch 6: [384/782 (46%)]	Loss: 0.696442
2024-11-18 14:46:56,212 INFO Epoch 6 completed
2024-11-18 14:46:56,694 INFO Epoch 6: [448/782 (54%)]	Loss: 0.688571
2024-11-18 14:46:56,694 INFO Epoch 6 completed
2024-11-18 14:46:57,244 INFO Epoch 6: [512/782 (62%)]	Loss: 0.691787
2024-11-18 14:46:57,244 INFO Epoch 6 completed
2024-11-18 14:46:57,784 INFO Epoch 6: [576/782 (69%)]	Loss: 0.690833
2024-11-18 14:46:57,784 INFO Epoch 6 completed
2024-11-18 14:46:58,775 INFO Epoch 6: [704/782 (85%)]	Loss: 0.691459
2024-11-18 14:46:58,775 INFO Epoch 6 completed
2024-11-18 14:46:58,921 INFO Epoch 6: [168/782 (92%)]	Loss: 0.695589
2024-11-18 14:46:58,929 INFO Epoch 6 completed
2024-11-18 14:46:59,806 INFO Epoch 7: [64/782 (8%)]	Loss: 0.691381
2024-11-18 14:46:59,806 INFO Epoch 7 completed
2024-11-18 14:47:00,450 INFO Epoch 7: [128/782 (15%)]	Loss: 0.695275
2024-11-18 14:47:00,450 INFO Epoch 7 completed
2024-11-18 14:47:01,055 INFO Epoch 7: [192/782 (23%)]	Loss: 0.686551
2024-11-18 14:47:01,055 INFO Epoch 7 completed
2024-11-18 14:47:01,718 INFO Epoch 7: [256/782 (31%)]	Loss: 0.697901
2024-11-18 14:47:01,728 INFO Epoch 7 completed
2024-11-18 14:47:02,725 INFO Epoch 7: [384/782 (46%)]	Loss: 0.686482
2024-11-18 14:47:02,725 INFO Epoch 7 completed
2024-11-18 14:47:03,245 INFO Epoch 7: [448/782 (54%)]	Loss: 0.704566
2024-11-18 14:47:03,245 INFO Epoch 7 completed
2024-11-18 14:47:03,928 INFO Epoch 7: [512/782 (62%)]	Loss: 0.693988
2024-11-18 14:47:03,928 INFO Epoch 7 completed
2024-11-18 14:47:04,483 INFO Epoch 7: [576/782 (69%)]	Loss: 0.685007
2024-11-18 14:47:04,483 INFO Epoch 7 completed
2024-11-18 14:47:05,481 INFO Epoch 7: [704/782 (85%)]	Loss: 0.691714
2024-11-18 14:47:05,481 INFO Epoch 7 completed
2024-11-18 14:47:05,609 INFO Epoch 7: [168/782 (92%)]	Loss: 0.708536
2024-11-18 14:47:05,609 INFO Epoch 7 completed
2024-11-18 14:47:06,390 INFO Epoch 8: [64/782 (8%)]	Loss: 0.699638
2024-11-18 14:47:06,390 INFO Epoch 8 completed
2024-11-18 14:47:06,920 INFO Epoch 8: [128/782 (15%)]	Loss: 0.696512
2024-11-18 14:47:06,920 INFO Epoch 8 completed
2024-11-18 14:47:07,573 INFO Epoch 8: [192/782 (23%)]	Loss: 0.694876
2024-11-18 14:47:07,573 INFO Epoch 8 completed
2024-11-18 14:47:08,216 INFO Epoch 8: [256/782 (31%)]	Loss: 0.692216
2024-11-18 14:47:08,216 INFO Epoch 8 completed
2024-11-18 14:47:09,083 INFO Epoch 8: [384/782 (46%)]	Loss: 0.687539
2024-11-18 14:47:09,083 INFO Epoch 8 completed
2024-11-18 14:47:09,551 INFO Epoch 8: [448/782 (54%)]	Loss: 0.685937
2024-11-18 14:47:09,551 INFO Epoch 8 completed
2024-11-18 14:47:10,033 INFO Epoch 8: [512/782 (62%)]	Loss: 0.687206
2024-11-18 14:47:10,040 INFO Epoch 8 completed
2024-11-18 14:47:10,603 INFO Epoch 8: [576/782 (69%)]	Loss: 0.696336
2024-11-18 14:47:10,603 INFO Epoch 8 completed
2024-11-18 14:47:11,599 INFO Epoch 8: [704/782 (85%)]	Loss: 0.688388
2024-11-18 14:47:11,599 INFO Epoch 8 completed
2024-11-18 14:47:11,721 INFO Epoch 8: [168/782 (92%)]	Loss: 0.682226
2024-11-18 14:47:11,721 INFO Epoch 8 completed
2024-11-18 14:47:12,581 INFO Epoch 9: [64/782 (8%)]	Loss: 0.686285
2024-11-18 14:47:12,581 INFO Epoch 9 completed
2024-11-18 14:47:13,199 INFO Epoch 9: [128/782 (15%)]	Loss: 0.682650
2024-11-18 14:47:13,199 INFO Epoch 9 completed
2024-11-18 14:47:13,659 INFO Epoch 9: [192/782 (23%)]	Loss: 0.687734
2024-11-18 14:47:13,659 INFO Epoch 9 completed
2024-11-18 14:47:14,335 INFO Epoch 9: [256/782 (31%)]	Loss: 0.697969
2024-11-18 14:47:14,335 INFO Epoch 9 completed
2024-11-18 14:47:15,202 INFO Epoch 9: [384/782 (46%)]	Loss: 0.692515
2024-11-18 14:47:15,202 INFO Epoch 9 completed
2024-11-18 14:47:15,692 INFO Epoch 9: [448/782 (54%)]	Loss: 0.678667
2024-11-18 14:47:15,692 INFO Epoch 9 completed
2024-11-18 14:47:16,368 INFO Epoch 9: [512/782 (62%)]	Loss: 0.706939
2024-11-18 14:47:16,368 INFO Epoch 9 completed
2024-11-18 14:47:16,875 INFO Epoch 9: [576/782 (69%)]	Loss: 0.692086
2024-11-18 14:47:16,875 INFO Epoch 9 completed
2024-11-18 14:47:17,717 INFO Epoch 9: [704/782 (85%)]	Loss: 0.699409
2024-11-18 14:47:17,717 INFO Epoch 9 completed
2024-11-18 14:47:17,855 INFO Epoch 9: [168/782 (92%)]	Loss: 0.705147
2024-11-18 14:47:17,855 INFO Epoch 9 completed
2024-11-20 16:17:34,567 INFO Epoch 0: [64/782 (8%)]	Loss: 0.691716
2024-11-20 16:17:34,567 INFO Epoch 0 completed
2024-11-20 16:17:34,973 INFO Epoch 0: [128/782 (15%)]	Loss: 0.695793
2024-11-20 16:17:34,973 INFO Epoch 0 completed
2024-11-20 16:17:35,351 INFO Epoch 0: [192/782 (23%)]	Loss: 0.698449
2024-11-20 16:17:35,352 INFO Epoch 0 completed
2024-11-20 16:17:35,692 INFO Epoch 0: [256/782 (31%)]	Loss: 0.697478
2024-11-20 16:17:35,692 INFO Epoch 0 completed
2024-11-20 16:17:36,290 INFO Epoch 0: [384/782 (46%)]	Loss: 0.693798
2024-11-20 16:17:36,290 INFO Epoch 0 completed
2024-11-20 16:17:36,599 INFO Epoch 0: [448/782 (54%)]	Loss: 0.693184
2024-11-20 16:17:36,600 INFO Epoch 0 completed
2024-11-20 16:17:36,909 INFO Epoch 0: [512/782 (62%)]	Loss: 0.690879
2024-11-20 16:17:36,909 INFO Epoch 0 completed
2024-11-20 16:17:37,213 INFO Epoch 0: [576/782 (69%)]	Loss: 0.694402
2024-11-20 16:17:37,213 INFO Epoch 0 completed
2024-11-20 16:17:37,681 INFO Epoch 0: [704/782 (85%)]	Loss: 0.692912
2024-11-20 16:17:37,682 INFO Epoch 0 completed
2024-11-20 16:17:37,762 INFO Epoch 0: [168/782 (92%)]	Loss: 0.696359
2024-11-20 16:17:37,762 INFO Epoch 0 completed
2024-11-20 16:17:38,294 INFO Epoch 1: [64/782 (8%)]	Loss: 0.691628
2024-11-20 16:17:38,295 INFO Epoch 1 completed
2024-11-20 16:17:38,551 INFO Epoch 1: [128/782 (15%)]	Loss: 0.689183
2024-11-20 16:17:38,551 INFO Epoch 1 completed
2024-11-20 16:17:38,769 INFO Epoch 1: [192/782 (23%)]	Loss: 0.699037
2024-11-20 16:17:38,769 INFO Epoch 1 completed
2024-11-20 16:17:39,020 INFO Epoch 1: [256/782 (31%)]	Loss: 0.688702
2024-11-20 16:17:39,020 INFO Epoch 1 completed
2024-11-20 16:17:39,448 INFO Epoch 1: [384/782 (46%)]	Loss: 0.695629
2024-11-20 16:17:39,448 INFO Epoch 1 completed
2024-11-20 16:17:39,677 INFO Epoch 1: [448/782 (54%)]	Loss: 0.700665
2024-11-20 16:17:39,677 INFO Epoch 1 completed
2024-11-20 16:17:39,940 INFO Epoch 1: [512/782 (62%)]	Loss: 0.684516
2024-11-20 16:17:39,940 INFO Epoch 1 completed
2024-11-20 16:17:40,139 INFO Epoch 1: [576/782 (69%)]	Loss: 0.693610
2024-11-20 16:17:40,139 INFO Epoch 1 completed
2024-11-20 16:17:40,509 INFO Epoch 1: [704/782 (85%)]	Loss: 0.695357
2024-11-20 16:17:40,509 INFO Epoch 1 completed
2024-11-20 16:17:40,562 INFO Epoch 1: [168/782 (92%)]	Loss: 0.685692
2024-11-20 16:17:40,563 INFO Epoch 1 completed
2024-11-20 16:17:40,905 INFO Epoch 2: [64/782 (8%)]	Loss: 0.693244
2024-11-20 16:17:40,905 INFO Epoch 2 completed
2024-11-20 16:17:41,092 INFO Epoch 2: [128/782 (15%)]	Loss: 0.705355
2024-11-20 16:17:41,092 INFO Epoch 2 completed
2024-11-20 16:17:41,284 INFO Epoch 2: [192/782 (23%)]	Loss: 0.700548
2024-11-20 16:17:41,284 INFO Epoch 2 completed
2024-11-20 16:17:41,472 INFO Epoch 2: [256/782 (31%)]	Loss: 0.698173
2024-11-20 16:17:41,472 INFO Epoch 2 completed
2024-11-20 16:17:41,769 INFO Epoch 2: [384/782 (46%)]	Loss: 0.692352
2024-11-20 16:17:41,769 INFO Epoch 2 completed
2024-11-20 16:17:41,952 INFO Epoch 2: [448/782 (54%)]	Loss: 0.693175
2024-11-20 16:17:41,952 INFO Epoch 2 completed
2024-11-20 16:17:42,152 INFO Epoch 2: [512/782 (62%)]	Loss: 0.685745
2024-11-20 16:17:42,153 INFO Epoch 2 completed
2024-11-20 16:17:42,314 INFO Epoch 2: [576/782 (69%)]	Loss: 0.695564
2024-11-20 16:17:42,314 INFO Epoch 2 completed
2024-11-20 16:17:42,640 INFO Epoch 2: [704/782 (85%)]	Loss: 0.689759
2024-11-20 16:17:42,640 INFO Epoch 2 completed
2024-11-20 16:17:42,678 INFO Epoch 2: [168/782 (92%)]	Loss: 0.700502
2024-11-20 16:17:42,678 INFO Epoch 2 completed
2024-11-20 16:17:42,941 INFO Epoch 3: [64/782 (8%)]	Loss: 0.690583
2024-11-20 16:17:42,941 INFO Epoch 3 completed
2024-11-20 16:17:43,106 INFO Epoch 3: [128/782 (15%)]	Loss: 0.692875
2024-11-20 16:17:43,106 INFO Epoch 3 completed
2024-11-20 16:17:43,273 INFO Epoch 3: [192/782 (23%)]	Loss: 0.697268
2024-11-20 16:17:43,273 INFO Epoch 3 completed
2024-11-20 16:17:43,447 INFO Epoch 3: [256/782 (31%)]	Loss: 0.688404
2024-11-20 16:17:43,447 INFO Epoch 3 completed
2024-11-20 16:17:43,738 INFO Epoch 3: [384/782 (46%)]	Loss: 0.692223
2024-11-20 16:17:43,739 INFO Epoch 3 completed
2024-11-20 16:17:43,906 INFO Epoch 3: [448/782 (54%)]	Loss: 0.689682
2024-11-20 16:17:43,906 INFO Epoch 3 completed
2024-11-20 16:17:44,064 INFO Epoch 3: [512/782 (62%)]	Loss: 0.693653
2024-11-20 16:17:44,065 INFO Epoch 3 completed
2024-11-20 16:17:44,240 INFO Epoch 3: [576/782 (69%)]	Loss: 0.691920
2024-11-20 16:17:44,240 INFO Epoch 3 completed
2024-11-20 16:17:44,494 INFO Epoch 3: [704/782 (85%)]	Loss: 0.694398
2024-11-20 16:17:44,494 INFO Epoch 3 completed
2024-11-20 16:17:44,527 INFO Epoch 3: [168/782 (92%)]	Loss: 0.688108
2024-11-20 16:17:44,527 INFO Epoch 3 completed
2024-11-20 16:17:44,807 INFO Epoch 4: [64/782 (8%)]	Loss: 0.689770
2024-11-20 16:17:44,807 INFO Epoch 4 completed
2024-11-20 16:17:44,984 INFO Epoch 4: [128/782 (15%)]	Loss: 0.694877
2024-11-20 16:17:44,984 INFO Epoch 4 completed
2024-11-20 16:17:45,141 INFO Epoch 4: [192/782 (23%)]	Loss: 0.694034
2024-11-20 16:17:45,141 INFO Epoch 4 completed
2024-11-20 16:17:45,304 INFO Epoch 4: [256/782 (31%)]	Loss: 0.693141
2024-11-20 16:17:45,304 INFO Epoch 4 completed
2024-11-20 16:17:45,575 INFO Epoch 4: [384/782 (46%)]	Loss: 0.693359
2024-11-20 16:17:45,575 INFO Epoch 4 completed
2024-11-20 16:17:45,723 INFO Epoch 4: [448/782 (54%)]	Loss: 0.690753
2024-11-20 16:17:45,723 INFO Epoch 4 completed
2024-11-20 16:17:45,872 INFO Epoch 4: [512/782 (62%)]	Loss: 0.693680
2024-11-20 16:17:45,872 INFO Epoch 4 completed
2024-11-20 16:17:46,020 INFO Epoch 4: [576/782 (69%)]	Loss: 0.689352
2024-11-20 16:17:46,020 INFO Epoch 4 completed
2024-11-20 16:17:46,272 INFO Epoch 4: [704/782 (85%)]	Loss: 0.686039
2024-11-20 16:17:46,272 INFO Epoch 4 completed
2024-11-20 16:17:46,309 INFO Epoch 4: [168/782 (92%)]	Loss: 0.675207
2024-11-20 16:17:46,309 INFO Epoch 4 completed
2024-11-20 16:17:46,562 INFO Epoch 5: [64/782 (8%)]	Loss: 0.688941
2024-11-20 16:17:46,562 INFO Epoch 5 completed
2024-11-20 16:17:46,708 INFO Epoch 5: [128/782 (15%)]	Loss: 0.697702
2024-11-20 16:17:46,708 INFO Epoch 5 completed
2024-11-20 16:17:46,926 INFO Epoch 5: [192/782 (23%)]	Loss: 0.696753
2024-11-20 16:17:46,927 INFO Epoch 5 completed
2024-11-20 16:17:47,091 INFO Epoch 5: [256/782 (31%)]	Loss: 0.691004
2024-11-20 16:17:47,091 INFO Epoch 5 completed
2024-11-20 16:17:47,338 INFO Epoch 5: [384/782 (46%)]	Loss: 0.698360
2024-11-20 16:17:47,338 INFO Epoch 5 completed
2024-11-20 16:17:47,502 INFO Epoch 5: [448/782 (54%)]	Loss: 0.696313
2024-11-20 16:17:47,502 INFO Epoch 5 completed
2024-11-20 16:17:47,670 INFO Epoch 5: [512/782 (62%)]	Loss: 0.689282
2024-11-20 16:17:47,670 INFO Epoch 5 completed
2024-11-20 16:17:47,834 INFO Epoch 5: [576/782 (69%)]	Loss: 0.694165
2024-11-20 16:17:47,834 INFO Epoch 5 completed
2024-11-20 16:17:48,115 INFO Epoch 5: [704/782 (85%)]	Loss: 0.688535
2024-11-20 16:17:48,115 INFO Epoch 5 completed
2024-11-20 16:17:48,146 INFO Epoch 5: [168/782 (92%)]	Loss: 0.682961
2024-11-20 16:17:48,146 INFO Epoch 5 completed
2024-11-20 16:17:48,383 INFO Epoch 6: [64/782 (8%)]	Loss: 0.690398
2024-11-20 16:17:48,383 INFO Epoch 6 completed
2024-11-20 16:17:48,561 INFO Epoch 6: [128/782 (15%)]	Loss: 0.695993
2024-11-20 16:17:48,561 INFO Epoch 6 completed
2024-11-20 16:17:48,704 INFO Epoch 6: [192/782 (23%)]	Loss: 0.685672
2024-11-20 16:17:48,704 INFO Epoch 6 completed
2024-11-20 16:17:48,852 INFO Epoch 6: [256/782 (31%)]	Loss: 0.684407
2024-11-20 16:17:48,852 INFO Epoch 6 completed
2024-11-20 16:17:49,087 INFO Epoch 6: [384/782 (46%)]	Loss: 0.686711
2024-11-20 16:17:49,087 INFO Epoch 6 completed
2024-11-20 16:17:49,226 INFO Epoch 6: [448/782 (54%)]	Loss: 0.709068
2024-11-20 16:17:49,226 INFO Epoch 6 completed
2024-11-20 16:17:49,371 INFO Epoch 6: [512/782 (62%)]	Loss: 0.699890
2024-11-20 16:17:49,371 INFO Epoch 6 completed
2024-11-20 16:17:49,517 INFO Epoch 6: [576/782 (69%)]	Loss: 0.679660
2024-11-20 16:17:49,517 INFO Epoch 6 completed
2024-11-20 16:17:49,776 INFO Epoch 6: [704/782 (85%)]	Loss: 0.696914
2024-11-20 16:17:49,776 INFO Epoch 6 completed
2024-11-20 16:17:49,822 INFO Epoch 6: [168/782 (92%)]	Loss: 0.684720
2024-11-20 16:17:49,822 INFO Epoch 6 completed
2024-11-20 16:17:50,056 INFO Epoch 7: [64/782 (8%)]	Loss: 0.689535
2024-11-20 16:17:50,056 INFO Epoch 7 completed
2024-11-20 16:17:50,203 INFO Epoch 7: [128/782 (15%)]	Loss: 0.695373
2024-11-20 16:17:50,203 INFO Epoch 7 completed
2024-11-20 16:17:50,344 INFO Epoch 7: [192/782 (23%)]	Loss: 0.697022
2024-11-20 16:17:50,344 INFO Epoch 7 completed
2024-11-20 16:17:50,488 INFO Epoch 7: [256/782 (31%)]	Loss: 0.700403
2024-11-20 16:17:50,488 INFO Epoch 7 completed
2024-11-20 16:17:50,717 INFO Epoch 7: [384/782 (46%)]	Loss: 0.696378
2024-11-20 16:17:50,717 INFO Epoch 7 completed
2024-11-20 16:17:50,880 INFO Epoch 7: [448/782 (54%)]	Loss: 0.691365
2024-11-20 16:17:50,880 INFO Epoch 7 completed
2024-11-20 16:17:51,031 INFO Epoch 7: [512/782 (62%)]	Loss: 0.681517
2024-11-20 16:17:51,031 INFO Epoch 7 completed
2024-11-20 16:17:51,183 INFO Epoch 7: [576/782 (69%)]	Loss: 0.691132
2024-11-20 16:17:51,184 INFO Epoch 7 completed
2024-11-20 16:17:51,433 INFO Epoch 7: [704/782 (85%)]	Loss: 0.688460
2024-11-20 16:17:51,433 INFO Epoch 7 completed
2024-11-20 16:17:51,468 INFO Epoch 7: [168/782 (92%)]	Loss: 0.693511
2024-11-20 16:17:51,468 INFO Epoch 7 completed
2024-11-20 16:17:51,704 INFO Epoch 8: [64/782 (8%)]	Loss: 0.698870
2024-11-20 16:17:51,704 INFO Epoch 8 completed
2024-11-20 16:17:51,909 INFO Epoch 8: [128/782 (15%)]	Loss: 0.686003
2024-11-20 16:17:51,909 INFO Epoch 8 completed
2024-11-20 16:17:52,056 INFO Epoch 8: [192/782 (23%)]	Loss: 0.689462
2024-11-20 16:17:52,056 INFO Epoch 8 completed
2024-11-20 16:17:52,202 INFO Epoch 8: [256/782 (31%)]	Loss: 0.688423
2024-11-20 16:17:52,202 INFO Epoch 8 completed
2024-11-20 16:17:52,448 INFO Epoch 8: [384/782 (46%)]	Loss: 0.696030
2024-11-20 16:17:52,448 INFO Epoch 8 completed
2024-11-20 16:17:52,590 INFO Epoch 8: [448/782 (54%)]	Loss: 0.696617
2024-11-20 16:17:52,590 INFO Epoch 8 completed
2024-11-20 16:17:52,736 INFO Epoch 8: [512/782 (62%)]	Loss: 0.680036
2024-11-20 16:17:52,736 INFO Epoch 8 completed
2024-11-20 16:17:52,885 INFO Epoch 8: [576/782 (69%)]	Loss: 0.693237
2024-11-20 16:17:52,885 INFO Epoch 8 completed
2024-11-20 16:17:53,135 INFO Epoch 8: [704/782 (85%)]	Loss: 0.689401
2024-11-20 16:17:53,135 INFO Epoch 8 completed
2024-11-20 16:17:53,167 INFO Epoch 8: [168/782 (92%)]	Loss: 0.694272
2024-11-20 16:17:53,167 INFO Epoch 8 completed
2024-11-20 16:17:53,408 INFO Epoch 9: [64/782 (8%)]	Loss: 0.696406
2024-11-20 16:17:53,408 INFO Epoch 9 completed
2024-11-20 16:17:53,546 INFO Epoch 9: [128/782 (15%)]	Loss: 0.698837
2024-11-20 16:17:53,546 INFO Epoch 9 completed
2024-11-20 16:17:53,693 INFO Epoch 9: [192/782 (23%)]	Loss: 0.686363
2024-11-20 16:17:53,693 INFO Epoch 9 completed
2024-11-20 16:17:53,835 INFO Epoch 9: [256/782 (31%)]	Loss: 0.697479
2024-11-20 16:17:53,835 INFO Epoch 9 completed
2024-11-20 16:17:54,061 INFO Epoch 9: [384/782 (46%)]	Loss: 0.690255
2024-11-20 16:17:54,061 INFO Epoch 9 completed
2024-11-20 16:17:54,206 INFO Epoch 9: [448/782 (54%)]	Loss: 0.689664
2024-11-20 16:17:54,206 INFO Epoch 9 completed
2024-11-20 16:17:54,349 INFO Epoch 9: [512/782 (62%)]	Loss: 0.687265
2024-11-20 16:17:54,349 INFO Epoch 9 completed
2024-11-20 16:17:54,499 INFO Epoch 9: [576/782 (69%)]	Loss: 0.694336
2024-11-20 16:17:54,499 INFO Epoch 9 completed
2024-11-20 16:17:54,724 INFO Epoch 9: [704/782 (85%)]	Loss: 0.692665
2024-11-20 16:17:54,724 INFO Epoch 9 completed
2024-11-20 16:17:54,755 INFO Epoch 9: [168/782 (92%)]	Loss: 0.693237
2024-11-20 16:17:54,755 INFO Epoch 9 completed
2024-11-20 16:35:53,971 INFO Epoch 0: [64/782 (8%)]	Loss: 0.698359(Ave_Loss = 0.010912)
2024-11-20 16:35:53,971 INFO Epoch 0 completed
2024-11-20 16:35:54,116 INFO Epoch 0: [128/782 (15%)]	Loss: 0.690048(Ave_Loss = 0.010782)
2024-11-20 16:35:54,116 INFO Epoch 0 completed
2024-11-20 16:35:54,268 INFO Epoch 0: [192/782 (23%)]	Loss: 0.689552(Ave_Loss = 0.010774)
2024-11-20 16:35:54,268 INFO Epoch 0 completed
2024-11-20 16:35:54,418 INFO Epoch 0: [256/782 (31%)]	Loss: 0.691318(Ave_Loss = 0.010802)
2024-11-20 16:35:54,418 INFO Epoch 0 completed
2024-11-20 16:35:54,710 INFO Epoch 0: [384/782 (46%)]	Loss: 0.692941(Ave_Loss = 0.010834)
2024-11-20 16:35:54,710 INFO Epoch 0 completed
2024-11-20 16:35:54,859 INFO Epoch 0: [448/782 (54%)]	Loss: 0.695917(Ave_Loss = 0.010874)
2024-11-20 16:35:54,859 INFO Epoch 0 completed
2024-11-20 16:35:55,004 INFO Epoch 0: [512/782 (62%)]	Loss: 0.688664(Ave_Loss = 0.010760)
2024-11-20 16:35:55,004 INFO Epoch 0 completed
2024-11-20 16:35:55,159 INFO Epoch 0: [576/782 (69%)]	Loss: 0.693643(Ave_Loss = 0.010838)
2024-11-20 16:35:55,159 INFO Epoch 0 completed
2024-11-20 16:35:55,439 INFO Epoch 0: [704/782 (85%)]	Loss: 0.689738(Ave_Loss = 0.010788)
2024-11-20 16:35:55,439 INFO Epoch 0 completed
2024-11-20 16:35:55,471 INFO Epoch 0: [168/782 (92%)]	Loss: 0.701436(Ave_Loss = 0.010960)
2024-11-20 16:35:55,471 INFO Epoch 0 completed
2024-11-20 16:35:55,784 INFO Epoch 1: [64/782 (8%)]	Loss: 0.699626(Ave_Loss = 0.010969)
2024-11-20 16:35:55,784 INFO Epoch 1 completed
2024-11-20 16:35:55,929 INFO Epoch 1: [128/782 (15%)]	Loss: 0.684721(Ave_Loss = 0.010699)
2024-11-20 16:35:55,929 INFO Epoch 1 completed
2024-11-20 16:35:56,075 INFO Epoch 1: [192/782 (23%)]	Loss: 0.692522(Ave_Loss = 0.010821)
2024-11-20 16:35:56,075 INFO Epoch 1 completed
2024-11-20 16:35:56,224 INFO Epoch 1: [256/782 (31%)]	Loss: 0.691839(Ave_Loss = 0.010810)
2024-11-20 16:35:56,224 INFO Epoch 1 completed
2024-11-20 16:35:56,521 INFO Epoch 1: [384/782 (46%)]	Loss: 0.690387(Ave_Loss = 0.010826)
2024-11-20 16:35:56,521 INFO Epoch 1 completed
2024-11-20 16:35:56,677 INFO Epoch 1: [448/782 (54%)]	Loss: 0.690989(Ave_Loss = 0.010797)
2024-11-20 16:35:56,677 INFO Epoch 1 completed
2024-11-20 16:35:56,829 INFO Epoch 1: [512/782 (62%)]	Loss: 0.700843(Ave_Loss = 0.010951)
2024-11-20 16:35:56,829 INFO Epoch 1 completed
2024-11-20 16:35:56,983 INFO Epoch 1: [576/782 (69%)]	Loss: 0.694955(Ave_Loss = 0.010859)
2024-11-20 16:35:56,983 INFO Epoch 1 completed
2024-11-20 16:35:57,291 INFO Epoch 1: [704/782 (85%)]	Loss: 0.688672(Ave_Loss = 0.010774)
2024-11-20 16:35:57,291 INFO Epoch 1 completed
2024-11-20 16:35:57,328 INFO Epoch 1: [168/782 (92%)]	Loss: 0.687929(Ave_Loss = 0.010749)
2024-11-20 16:35:57,328 INFO Epoch 1 completed
2024-11-20 16:35:57,628 INFO Epoch 2: [64/782 (8%)]	Loss: 0.691807(Ave_Loss = 0.010800)
2024-11-20 16:35:57,628 INFO Epoch 2 completed
2024-11-20 16:35:57,778 INFO Epoch 2: [128/782 (15%)]	Loss: 0.691432(Ave_Loss = 0.010804)
2024-11-20 16:35:57,778 INFO Epoch 2 completed
2024-11-20 16:35:57,923 INFO Epoch 2: [192/782 (23%)]	Loss: 0.696489(Ave_Loss = 0.010883)
2024-11-20 16:35:57,923 INFO Epoch 2 completed
2024-11-20 16:35:58,078 INFO Epoch 2: [256/782 (31%)]	Loss: 0.690073(Ave_Loss = 0.010782)
2024-11-20 16:35:58,078 INFO Epoch 2 completed
2024-11-20 16:35:58,373 INFO Epoch 2: [384/782 (46%)]	Loss: 0.690051(Ave_Loss = 0.010811)
2024-11-20 16:35:58,373 INFO Epoch 2 completed
2024-11-20 16:35:58,528 INFO Epoch 2: [448/782 (54%)]	Loss: 0.693978(Ave_Loss = 0.010843)
2024-11-20 16:35:58,528 INFO Epoch 2 completed
2024-11-20 16:35:58,699 INFO Epoch 2: [512/782 (62%)]	Loss: 0.683735(Ave_Loss = 0.010683)
2024-11-20 16:35:58,699 INFO Epoch 2 completed
2024-11-20 16:35:58,849 INFO Epoch 2: [576/782 (69%)]	Loss: 0.691927(Ave_Loss = 0.010811)
2024-11-20 16:35:58,849 INFO Epoch 2 completed
2024-11-20 16:35:59,136 INFO Epoch 2: [704/782 (85%)]	Loss: 0.692294(Ave_Loss = 0.010842)
2024-11-20 16:35:59,136 INFO Epoch 2 completed
2024-11-20 16:35:59,168 INFO Epoch 2: [168/782 (92%)]	Loss: 0.701628(Ave_Loss = 0.010963)
2024-11-20 16:35:59,168 INFO Epoch 2 completed
2024-11-20 16:35:59,464 INFO Epoch 3: [64/782 (8%)]	Loss: 0.690652(Ave_Loss = 0.010797)
2024-11-20 16:35:59,464 INFO Epoch 3 completed
2024-11-20 16:35:59,613 INFO Epoch 3: [128/782 (15%)]	Loss: 0.686304(Ave_Loss = 0.010723)
2024-11-20 16:35:59,613 INFO Epoch 3 completed
2024-11-20 16:35:59,752 INFO Epoch 3: [192/782 (23%)]	Loss: 0.690400(Ave_Loss = 0.010788)
2024-11-20 16:35:59,753 INFO Epoch 3 completed
2024-11-20 16:35:59,911 INFO Epoch 3: [256/782 (31%)]	Loss: 0.698044(Ave_Loss = 0.010907)
2024-11-20 16:35:59,911 INFO Epoch 3 completed
2024-11-20 16:40:21,189 INFO Epoch 0: [256/782 (31%)]	Loss: 0.690819(Ave_Loss = 0.694219)
2024-11-20 16:40:21,958 INFO Epoch 0: [576/782 (69%)]	Loss: 0.689593(Ave_Loss = 0.693169)
2024-11-20 16:40:22,280 INFO Epoch 0 completed. Average Loss: 0.692866
2024-11-20 16:40:23,026 INFO Epoch 1: [256/782 (31%)]	Loss: 0.694946(Ave_Loss = 0.692013)
2024-11-20 16:40:23,778 INFO Epoch 1: [576/782 (69%)]	Loss: 0.692312(Ave_Loss = 0.692219)
2024-11-20 16:40:24,107 INFO Epoch 1 completed. Average Loss: 0.691938
2024-11-20 16:40:24,868 INFO Epoch 2: [256/782 (31%)]	Loss: 0.688060(Ave_Loss = 0.691668)
2024-11-20 16:40:25,724 INFO Epoch 2: [576/782 (69%)]	Loss: 0.696854(Ave_Loss = 0.691998)
2024-11-20 16:40:26,110 INFO Epoch 2 completed. Average Loss: 0.692941
2024-11-20 16:40:26,997 INFO Epoch 3: [256/782 (31%)]	Loss: 0.687261(Ave_Loss = 0.692359)
2024-11-20 16:40:27,854 INFO Epoch 3: [576/782 (69%)]	Loss: 0.697516(Ave_Loss = 0.692420)
2024-11-20 16:40:28,267 INFO Epoch 3 completed. Average Loss: 0.692081
2024-11-20 16:40:29,017 INFO Epoch 4: [256/782 (31%)]	Loss: 0.692235(Ave_Loss = 0.694196)
2024-11-20 16:40:29,825 INFO Epoch 4: [576/782 (69%)]	Loss: 0.694912(Ave_Loss = 0.693794)
2024-11-20 16:40:30,180 INFO Epoch 4 completed. Average Loss: 0.693386
2024-11-20 16:40:30,921 INFO Epoch 5: [256/782 (31%)]	Loss: 0.697704(Ave_Loss = 0.693815)
2024-11-20 16:40:31,779 INFO Epoch 5: [576/782 (69%)]	Loss: 0.695716(Ave_Loss = 0.693743)
2024-11-20 16:40:32,132 INFO Epoch 5 completed. Average Loss: 0.694349
2024-11-20 16:40:32,835 INFO Epoch 6: [256/782 (31%)]	Loss: 0.690760(Ave_Loss = 0.691506)
2024-11-20 16:40:33,533 INFO Epoch 6: [576/782 (69%)]	Loss: 0.691298(Ave_Loss = 0.692302)
2024-11-20 16:40:33,857 INFO Epoch 6 completed. Average Loss: 0.692175
2024-11-20 16:40:34,616 INFO Epoch 7: [256/782 (31%)]	Loss: 0.686459(Ave_Loss = 0.692112)
2024-11-20 16:40:35,558 INFO Epoch 7: [576/782 (69%)]	Loss: 0.692599(Ave_Loss = 0.692412)
2024-11-20 16:40:35,902 INFO Epoch 7 completed. Average Loss: 0.692376
2024-11-20 16:40:36,774 INFO Epoch 8: [256/782 (31%)]	Loss: 0.686817(Ave_Loss = 0.694035)
2024-11-20 16:40:37,476 INFO Epoch 8: [576/782 (69%)]	Loss: 0.693579(Ave_Loss = 0.693200)
2024-11-20 16:40:37,812 INFO Epoch 8 completed. Average Loss: 0.693523
2024-11-20 16:40:38,568 INFO Epoch 9: [256/782 (31%)]	Loss: 0.695238(Ave_Loss = 0.692736)
2024-11-20 16:40:39,427 INFO Epoch 9: [576/782 (69%)]	Loss: 0.691109(Ave_Loss = 0.693411)
2024-11-20 16:40:39,795 INFO Epoch 9 completed. Average Loss: 0.693365
2024-11-20 16:40:40,669 INFO Epoch 10: [256/782 (31%)]	Loss: 0.690671(Ave_Loss = 0.691399)
2024-11-20 16:40:41,550 INFO Epoch 10: [576/782 (69%)]	Loss: 0.693090(Ave_Loss = 0.691543)
2024-11-20 16:40:41,949 INFO Epoch 10 completed. Average Loss: 0.691360
2024-11-20 16:40:42,738 INFO Epoch 11: [256/782 (31%)]	Loss: 0.690659(Ave_Loss = 0.691670)
2024-11-20 16:40:43,434 INFO Epoch 11: [576/782 (69%)]	Loss: 0.693519(Ave_Loss = 0.691485)
2024-11-20 16:40:43,756 INFO Epoch 11 completed. Average Loss: 0.691058
2024-11-20 16:40:44,463 INFO Epoch 12: [256/782 (31%)]	Loss: 0.699570(Ave_Loss = 0.689947)
2024-11-20 16:40:45,170 INFO Epoch 12: [576/782 (69%)]	Loss: 0.692573(Ave_Loss = 0.690974)
2024-11-20 16:40:45,484 INFO Epoch 12 completed. Average Loss: 0.691171
2024-11-20 16:40:46,205 INFO Epoch 13: [256/782 (31%)]	Loss: 0.687897(Ave_Loss = 0.683743)
2024-11-20 16:40:46,904 INFO Epoch 13: [576/782 (69%)]	Loss: 0.682821(Ave_Loss = 0.687673)
2024-11-20 16:40:47,227 INFO Epoch 13 completed. Average Loss: 0.686054
2024-11-20 16:40:47,949 INFO Epoch 14: [256/782 (31%)]	Loss: 0.710864(Ave_Loss = 0.694506)
2024-11-20 16:40:48,652 INFO Epoch 14: [576/782 (69%)]	Loss: 0.699395(Ave_Loss = 0.694235)
2024-11-20 16:40:48,972 INFO Epoch 14 completed. Average Loss: 0.693004
2024-11-20 16:40:48,972 INFO Training completed. Overall Average Loss: 0.692110
2024-11-20 16:48:57,782 INFO Epoch 0: [256/782 (31%)]	Loss: 0.692089(Ave_Loss = 0.693339)
2024-11-20 16:48:58,462 INFO Epoch 0: [576/782 (69%)]	Loss: 0.697061(Ave_Loss = 0.692956)
2024-11-20 16:48:58,780 INFO Epoch 0 completed. Average Loss: 0.693033
2024-11-20 16:48:59,448 INFO Epoch 1: [256/782 (31%)]	Loss: 0.693526(Ave_Loss = 0.693164)
2024-11-20 16:49:00,135 INFO Epoch 1: [576/782 (69%)]	Loss: 0.695247(Ave_Loss = 0.693219)
2024-11-20 16:49:00,453 INFO Epoch 1 completed. Average Loss: 0.692616
2024-11-20 16:49:01,140 INFO Epoch 2: [256/782 (31%)]	Loss: 0.687637(Ave_Loss = 0.690204)
2024-11-20 16:49:01,823 INFO Epoch 2: [576/782 (69%)]	Loss: 0.696890(Ave_Loss = 0.693382)
2024-11-20 16:49:02,137 INFO Epoch 2 completed. Average Loss: 0.693889
2024-11-20 16:49:02,817 INFO Epoch 3: [256/782 (31%)]	Loss: 0.694159(Ave_Loss = 0.694491)
2024-11-20 16:49:03,496 INFO Epoch 3: [576/782 (69%)]	Loss: 0.690333(Ave_Loss = 0.693451)
2024-11-20 16:49:03,799 INFO Epoch 3 completed. Average Loss: 0.692579
2024-11-20 16:49:04,486 INFO Epoch 4: [256/782 (31%)]	Loss: 0.692153(Ave_Loss = 0.691659)
2024-11-20 16:49:05,184 INFO Epoch 4: [576/782 (69%)]	Loss: 0.695032(Ave_Loss = 0.691381)
2024-11-20 16:49:05,497 INFO Epoch 4 completed. Average Loss: 0.692362
2024-11-20 16:49:06,197 INFO Epoch 5: [256/782 (31%)]	Loss: 0.692239(Ave_Loss = 0.695211)
2024-11-20 16:49:06,878 INFO Epoch 5: [576/782 (69%)]	Loss: 0.700403(Ave_Loss = 0.695953)
2024-11-20 16:49:07,184 INFO Epoch 5 completed. Average Loss: 0.695532
2024-11-20 16:49:07,867 INFO Epoch 6: [256/782 (31%)]	Loss: 0.689799(Ave_Loss = 0.692279)
2024-11-20 16:49:08,552 INFO Epoch 6: [576/782 (69%)]	Loss: 0.690932(Ave_Loss = 0.693246)
2024-11-20 16:49:08,851 INFO Epoch 6 completed. Average Loss: 0.692946
2024-11-20 16:49:09,528 INFO Epoch 7: [256/782 (31%)]	Loss: 0.693388(Ave_Loss = 0.691966)
2024-11-20 16:49:10,210 INFO Epoch 7: [576/782 (69%)]	Loss: 0.692897(Ave_Loss = 0.691888)
2024-11-20 16:49:10,522 INFO Epoch 7 completed. Average Loss: 0.692294
2024-11-20 16:49:11,209 INFO Epoch 8: [256/782 (31%)]	Loss: 0.691306(Ave_Loss = 0.691583)
2024-11-20 16:49:11,883 INFO Epoch 8: [576/782 (69%)]	Loss: 0.692148(Ave_Loss = 0.691950)
2024-11-20 16:49:12,186 INFO Epoch 8 completed. Average Loss: 0.692066
2024-11-20 16:49:12,857 INFO Epoch 9: [256/782 (31%)]	Loss: 0.691008(Ave_Loss = 0.692321)
2024-11-20 16:49:13,536 INFO Epoch 9: [576/782 (69%)]	Loss: 0.691277(Ave_Loss = 0.692211)
2024-11-20 16:49:13,841 INFO Epoch 9 completed. Average Loss: 0.692207
2024-11-20 16:49:14,528 INFO Epoch 10: [256/782 (31%)]	Loss: 0.687902(Ave_Loss = 0.690232)
2024-11-20 16:49:15,207 INFO Epoch 10: [576/782 (69%)]	Loss: 0.687168(Ave_Loss = 0.690529)
2024-11-20 16:49:15,515 INFO Epoch 10 completed. Average Loss: 0.690631
2024-11-20 16:49:16,190 INFO Epoch 11: [256/782 (31%)]	Loss: 0.692305(Ave_Loss = 0.691416)
2024-11-20 16:49:16,882 INFO Epoch 11: [576/782 (69%)]	Loss: 0.691631(Ave_Loss = 0.691526)
2024-11-20 16:49:17,191 INFO Epoch 11 completed. Average Loss: 0.691533
2024-11-20 16:49:17,867 INFO Epoch 12: [256/782 (31%)]	Loss: 0.693040(Ave_Loss = 0.691644)
2024-11-20 16:49:18,553 INFO Epoch 12: [576/782 (69%)]	Loss: 0.692290(Ave_Loss = 0.690944)
2024-11-20 16:49:18,869 INFO Epoch 12 completed. Average Loss: 0.691185
2024-11-20 16:49:19,554 INFO Epoch 13: [256/782 (31%)]	Loss: 0.686434(Ave_Loss = 0.689468)
2024-11-20 16:49:20,237 INFO Epoch 13: [576/782 (69%)]	Loss: 0.688178(Ave_Loss = 0.691139)
2024-11-20 16:49:20,541 INFO Epoch 13 completed. Average Loss: 0.691078
2024-11-20 16:49:21,228 INFO Epoch 14: [256/782 (31%)]	Loss: 0.692724(Ave_Loss = 0.689748)
2024-11-20 16:49:21,901 INFO Epoch 14: [576/782 (69%)]	Loss: 0.694684(Ave_Loss = 0.690620)
2024-11-20 16:49:22,213 INFO Epoch 14 completed. Average Loss: 0.690258
2024-11-20 16:49:22,886 INFO Epoch 15: [256/782 (31%)]	Loss: 0.689489(Ave_Loss = 0.689658)
2024-11-20 16:49:23,566 INFO Epoch 15: [576/782 (69%)]	Loss: 0.690195(Ave_Loss = 0.690828)
2024-11-20 16:49:23,868 INFO Epoch 15 completed. Average Loss: 0.690842
2024-11-20 16:49:24,550 INFO Epoch 16: [256/782 (31%)]	Loss: 0.690051(Ave_Loss = 0.691188)
2024-11-20 16:49:25,237 INFO Epoch 16: [576/782 (69%)]	Loss: 0.692840(Ave_Loss = 0.690708)
2024-11-20 16:49:25,551 INFO Epoch 16 completed. Average Loss: 0.691022
2024-11-20 16:49:26,239 INFO Epoch 17: [256/782 (31%)]	Loss: 0.691902(Ave_Loss = 0.690291)
2024-11-20 16:49:26,914 INFO Epoch 17: [576/782 (69%)]	Loss: 0.691865(Ave_Loss = 0.689895)
2024-11-20 16:49:27,222 INFO Epoch 17 completed. Average Loss: 0.689972
2024-11-20 16:49:27,910 INFO Epoch 18: [256/782 (31%)]	Loss: 0.688847(Ave_Loss = 0.690052)
2024-11-20 16:49:28,596 INFO Epoch 18: [576/782 (69%)]	Loss: 0.686131(Ave_Loss = 0.689397)
2024-11-20 16:49:28,917 INFO Epoch 18 completed. Average Loss: 0.689420
2024-11-20 16:49:29,602 INFO Epoch 19: [256/782 (31%)]	Loss: 0.678296(Ave_Loss = 0.683996)
2024-11-20 16:49:30,286 INFO Epoch 19: [576/782 (69%)]	Loss: 0.671411(Ave_Loss = 0.687379)
2024-11-20 16:49:30,592 INFO Epoch 19 completed. Average Loss: 0.688469
2024-11-20 16:49:31,278 INFO Epoch 20: [256/782 (31%)]	Loss: 0.686509(Ave_Loss = 0.691042)
2024-11-20 16:49:31,968 INFO Epoch 20: [576/782 (69%)]	Loss: 0.673598(Ave_Loss = 0.692100)
2024-11-20 16:49:32,274 INFO Epoch 20 completed. Average Loss: 0.691596
2024-11-20 16:49:32,971 INFO Epoch 21: [256/782 (31%)]	Loss: 0.685348(Ave_Loss = 0.688699)
2024-11-20 16:49:33,659 INFO Epoch 21: [576/782 (69%)]	Loss: 0.694708(Ave_Loss = 0.691965)
2024-11-20 16:49:33,964 INFO Epoch 21 completed. Average Loss: 0.689820
2024-11-20 16:49:34,646 INFO Epoch 22: [256/782 (31%)]	Loss: 0.676375(Ave_Loss = 0.690900)
2024-11-20 16:49:35,499 INFO Epoch 22: [576/782 (69%)]	Loss: 0.689158(Ave_Loss = 0.691586)
2024-11-20 16:49:35,811 INFO Epoch 22 completed. Average Loss: 0.690628
2024-11-20 16:49:36,504 INFO Epoch 23: [256/782 (31%)]	Loss: 0.684214(Ave_Loss = 0.689652)
2024-11-20 16:49:37,274 INFO Epoch 23: [576/782 (69%)]	Loss: 0.690128(Ave_Loss = 0.689139)
2024-11-20 16:49:37,610 INFO Epoch 23 completed. Average Loss: 0.689319
2024-11-20 16:49:38,357 INFO Epoch 24: [256/782 (31%)]	Loss: 0.695753(Ave_Loss = 0.692525)
2024-11-20 16:49:39,078 INFO Epoch 24: [576/782 (69%)]	Loss: 0.690191(Ave_Loss = 0.691499)
2024-11-20 16:49:39,380 INFO Epoch 24 completed. Average Loss: 0.690652
2024-11-20 16:49:40,066 INFO Epoch 25: [256/782 (31%)]	Loss: 0.691990(Ave_Loss = 0.687634)
2024-11-20 16:49:40,786 INFO Epoch 25: [576/782 (69%)]	Loss: 0.692161(Ave_Loss = 0.688215)
2024-11-20 16:49:41,085 INFO Epoch 25 completed. Average Loss: 0.688327
2024-11-20 16:49:41,763 INFO Epoch 26: [256/782 (31%)]	Loss: 0.687722(Ave_Loss = 0.688636)
2024-11-20 16:49:42,449 INFO Epoch 26: [576/782 (69%)]	Loss: 0.691969(Ave_Loss = 0.688449)
2024-11-20 16:49:42,754 INFO Epoch 26 completed. Average Loss: 0.688223
2024-11-20 16:49:43,435 INFO Epoch 27: [256/782 (31%)]	Loss: 0.690907(Ave_Loss = 0.689634)
2024-11-20 16:49:44,105 INFO Epoch 27: [576/782 (69%)]	Loss: 0.688633(Ave_Loss = 0.689374)
2024-11-20 16:49:44,408 INFO Epoch 27 completed. Average Loss: 0.690036
2024-11-20 16:49:45,106 INFO Epoch 28: [256/782 (31%)]	Loss: 0.687192(Ave_Loss = 0.688931)
2024-11-20 16:49:45,781 INFO Epoch 28: [576/782 (69%)]	Loss: 0.687033(Ave_Loss = 0.688996)
2024-11-20 16:49:46,090 INFO Epoch 28 completed. Average Loss: 0.688830
2024-11-20 16:49:46,775 INFO Epoch 29: [256/782 (31%)]	Loss: 0.688950(Ave_Loss = 0.689306)
2024-11-20 16:49:47,445 INFO Epoch 29: [576/782 (69%)]	Loss: 0.682263(Ave_Loss = 0.688135)
2024-11-20 16:49:48,119 INFO Epoch 29 completed. Average Loss: 0.688080
2024-11-20 16:49:48,813 INFO Epoch 30: [256/782 (31%)]	Loss: 0.687076(Ave_Loss = 0.689763)
2024-11-20 16:49:49,499 INFO Epoch 30: [576/782 (69%)]	Loss: 0.685615(Ave_Loss = 0.689373)
2024-11-20 16:49:49,809 INFO Epoch 30 completed. Average Loss: 0.689597
2024-11-20 16:49:50,492 INFO Epoch 31: [256/782 (31%)]	Loss: 0.688402(Ave_Loss = 0.687254)
2024-11-20 16:49:51,182 INFO Epoch 31: [576/782 (69%)]	Loss: 0.685885(Ave_Loss = 0.687349)
2024-11-20 16:49:51,492 INFO Epoch 31 completed. Average Loss: 0.687143
2024-11-20 16:49:52,168 INFO Epoch 32: [256/782 (31%)]	Loss: 0.686567(Ave_Loss = 0.686069)
2024-11-20 16:49:52,846 INFO Epoch 32: [576/782 (69%)]	Loss: 0.691409(Ave_Loss = 0.686816)
2024-11-20 16:49:53,148 INFO Epoch 32 completed. Average Loss: 0.686806
2024-11-20 16:49:53,833 INFO Epoch 33: [256/782 (31%)]	Loss: 0.684804(Ave_Loss = 0.687556)
2024-11-20 16:49:54,512 INFO Epoch 33: [576/782 (69%)]	Loss: 0.689363(Ave_Loss = 0.687705)
2024-11-20 16:49:54,818 INFO Epoch 33 completed. Average Loss: 0.687380
2024-11-20 16:49:55,506 INFO Epoch 34: [256/782 (31%)]	Loss: 0.686135(Ave_Loss = 0.686608)
2024-11-20 16:49:56,185 INFO Epoch 34: [576/782 (69%)]	Loss: 0.676565(Ave_Loss = 0.684718)
2024-11-20 16:49:56,498 INFO Epoch 34 completed. Average Loss: 0.685805
2024-11-20 16:49:57,174 INFO Epoch 35: [256/782 (31%)]	Loss: 0.693992(Ave_Loss = 0.690987)
2024-11-20 16:49:57,869 INFO Epoch 35: [576/782 (69%)]	Loss: 0.687098(Ave_Loss = 0.688943)
2024-11-20 16:49:58,176 INFO Epoch 35 completed. Average Loss: 0.688128
2024-11-20 16:49:58,858 INFO Epoch 36: [256/782 (31%)]	Loss: 0.692315(Ave_Loss = 0.687299)
2024-11-20 16:49:59,537 INFO Epoch 36: [576/782 (69%)]	Loss: 0.677965(Ave_Loss = 0.685395)
2024-11-20 16:49:59,842 INFO Epoch 36 completed. Average Loss: 0.685128
2024-11-20 16:50:00,534 INFO Epoch 37: [256/782 (31%)]	Loss: 0.685838(Ave_Loss = 0.684492)
2024-11-20 16:50:01,213 INFO Epoch 37: [576/782 (69%)]	Loss: 0.683735(Ave_Loss = 0.683509)
2024-11-20 16:50:01,523 INFO Epoch 37 completed. Average Loss: 0.683409
2024-11-20 16:50:02,209 INFO Epoch 38: [256/782 (31%)]	Loss: 0.695227(Ave_Loss = 0.686896)
2024-11-20 16:50:02,894 INFO Epoch 38: [576/782 (69%)]	Loss: 0.675805(Ave_Loss = 0.685646)
2024-11-20 16:50:03,204 INFO Epoch 38 completed. Average Loss: 0.686113
2024-11-20 16:50:03,885 INFO Epoch 39: [256/782 (31%)]	Loss: 0.689139(Ave_Loss = 0.687497)
2024-11-20 16:50:04,571 INFO Epoch 39: [576/782 (69%)]	Loss: 0.682907(Ave_Loss = 0.685616)
2024-11-20 16:50:04,882 INFO Epoch 39 completed. Average Loss: 0.685711
2024-11-20 16:50:05,565 INFO Epoch 40: [256/782 (31%)]	Loss: 0.678019(Ave_Loss = 0.682550)
2024-11-20 16:50:06,269 INFO Epoch 40: [576/782 (69%)]	Loss: 0.689730(Ave_Loss = 0.684115)
2024-11-20 16:50:06,587 INFO Epoch 40 completed. Average Loss: 0.682894
2024-11-20 16:50:07,277 INFO Epoch 41: [256/782 (31%)]	Loss: 0.694217(Ave_Loss = 0.686205)
2024-11-20 16:50:07,966 INFO Epoch 41: [576/782 (69%)]	Loss: 0.676443(Ave_Loss = 0.684039)
2024-11-20 16:50:08,270 INFO Epoch 41 completed. Average Loss: 0.684142
2024-11-20 16:50:08,951 INFO Epoch 42: [256/782 (31%)]	Loss: 0.684876(Ave_Loss = 0.682560)
2024-11-20 16:50:09,626 INFO Epoch 42: [576/782 (69%)]	Loss: 0.682322(Ave_Loss = 0.683137)
2024-11-20 16:50:09,942 INFO Epoch 42 completed. Average Loss: 0.683327
2024-11-20 16:50:10,629 INFO Epoch 43: [256/782 (31%)]	Loss: 0.675894(Ave_Loss = 0.681323)
2024-11-20 16:50:11,323 INFO Epoch 43: [576/782 (69%)]	Loss: 0.698336(Ave_Loss = 0.681955)
2024-11-20 16:50:11,635 INFO Epoch 43 completed. Average Loss: 0.680824
2024-11-20 16:50:12,314 INFO Epoch 44: [256/782 (31%)]	Loss: 0.671522(Ave_Loss = 0.682161)
2024-11-20 16:50:13,002 INFO Epoch 44: [576/782 (69%)]	Loss: 0.699983(Ave_Loss = 0.684574)
2024-11-20 16:50:13,324 INFO Epoch 44 completed. Average Loss: 0.684133
2024-11-20 16:50:14,012 INFO Epoch 45: [256/782 (31%)]	Loss: 0.683161(Ave_Loss = 0.677985)
2024-11-20 16:50:14,693 INFO Epoch 45: [576/782 (69%)]	Loss: 0.674894(Ave_Loss = 0.678978)
2024-11-20 16:50:15,001 INFO Epoch 45 completed. Average Loss: 0.680354
2024-11-20 16:50:15,678 INFO Epoch 46: [256/782 (31%)]	Loss: 0.682907(Ave_Loss = 0.678705)
2024-11-20 16:50:16,363 INFO Epoch 46: [576/782 (69%)]	Loss: 0.681454(Ave_Loss = 0.678609)
2024-11-20 16:50:16,679 INFO Epoch 46 completed. Average Loss: 0.679776
2024-11-20 16:50:17,356 INFO Epoch 47: [256/782 (31%)]	Loss: 0.684354(Ave_Loss = 0.679836)
2024-11-20 16:50:18,050 INFO Epoch 47: [576/782 (69%)]	Loss: 0.694190(Ave_Loss = 0.680767)
2024-11-20 16:50:18,368 INFO Epoch 47 completed. Average Loss: 0.680099
2024-11-20 16:50:19,053 INFO Epoch 48: [256/782 (31%)]	Loss: 0.674188(Ave_Loss = 0.678075)
2024-11-20 16:50:19,732 INFO Epoch 48: [576/782 (69%)]	Loss: 0.680151(Ave_Loss = 0.680075)
2024-11-20 16:50:20,036 INFO Epoch 48 completed. Average Loss: 0.680541
2024-11-20 16:50:20,724 INFO Epoch 49: [256/782 (31%)]	Loss: 0.682879(Ave_Loss = 0.677093)
2024-11-20 16:50:21,408 INFO Epoch 49: [576/782 (69%)]	Loss: 0.667895(Ave_Loss = 0.677425)
2024-11-20 16:50:21,718 INFO Epoch 49 completed. Average Loss: 0.676915
2024-11-20 16:50:21,718 INFO Training completed. Overall Average Loss: 0.688153
2024-11-20 17:03:52,095 INFO Epoch 0: [512/782 (57%)]	Loss: 0.693685(Ave_Loss = 0.693138)
2024-11-20 17:03:52,397 INFO Epoch 0 completed. Average Loss: 0.693204
2024-11-20 17:03:53,790 INFO Epoch 1: [512/782 (57%)]	Loss: 0.698074(Ave_Loss = 0.693899)
2024-11-20 17:03:54,104 INFO Epoch 1 completed. Average Loss: 0.693942
2024-11-20 17:03:55,512 INFO Epoch 2: [512/782 (57%)]	Loss: 0.693462(Ave_Loss = 0.691914)
2024-11-20 17:03:55,831 INFO Epoch 2 completed. Average Loss: 0.692892
2024-11-20 17:03:57,542 INFO Epoch 3: [512/782 (57%)]	Loss: 0.692536(Ave_Loss = 0.692937)
2024-11-20 17:03:57,857 INFO Epoch 3 completed. Average Loss: 0.693917
2024-11-20 17:03:59,434 INFO Epoch 4: [512/782 (57%)]	Loss: 0.692768(Ave_Loss = 0.692886)
2024-11-20 17:03:59,769 INFO Epoch 4 completed. Average Loss: 0.693190
2024-11-20 17:04:01,138 INFO Epoch 5: [512/782 (57%)]	Loss: 0.691932(Ave_Loss = 0.692291)
2024-11-20 17:04:01,441 INFO Epoch 5 completed. Average Loss: 0.692447
2024-11-20 17:04:02,881 INFO Epoch 6: [512/782 (57%)]	Loss: 0.693508(Ave_Loss = 0.692328)
2024-11-20 17:04:03,188 INFO Epoch 6 completed. Average Loss: 0.692707
2024-11-20 17:07:27,332 INFO Epoch 7: [512/782 (57%)]	Loss: 0.693669(Ave_Loss = 0.693988)
2024-11-20 17:07:27,988 INFO Epoch 7 completed. Average Loss: 0.693761
2024-11-20 17:07:30,216 INFO Epoch 8: [512/782 (57%)]	Loss: 0.692315(Ave_Loss = 0.692713)
2024-11-20 17:07:30,625 INFO Epoch 8 completed. Average Loss: 0.692610
2024-11-20 17:07:32,655 INFO Epoch 9: [512/782 (57%)]	Loss: 0.690371(Ave_Loss = 0.693069)
2024-11-20 17:07:33,063 INFO Epoch 9 completed. Average Loss: 0.692824
2024-11-20 17:07:34,811 INFO Epoch 10: [512/782 (57%)]	Loss: 0.692761(Ave_Loss = 0.693347)
2024-11-20 17:07:35,380 INFO Epoch 10 completed. Average Loss: 0.693222
2024-11-20 17:07:37,030 INFO Epoch 11: [512/782 (57%)]	Loss: 0.692203(Ave_Loss = 0.693659)
2024-11-20 17:07:37,382 INFO Epoch 11 completed. Average Loss: 0.692935
2024-11-20 17:07:38,999 INFO Epoch 12: [512/782 (57%)]	Loss: 0.694019(Ave_Loss = 0.695112)
2024-11-20 17:07:39,360 INFO Epoch 12 completed. Average Loss: 0.694876
2024-11-20 17:07:41,019 INFO Epoch 13: [512/782 (57%)]	Loss: 0.694360(Ave_Loss = 0.690306)
2024-11-20 17:07:41,378 INFO Epoch 13 completed. Average Loss: 0.690673
2024-11-20 17:07:43,020 INFO Epoch 14: [512/782 (57%)]	Loss: 0.690664(Ave_Loss = 0.692900)
2024-11-20 17:07:43,365 INFO Epoch 14 completed. Average Loss: 0.693139
2024-11-20 17:07:44,967 INFO Epoch 15: [512/782 (57%)]	Loss: 0.689925(Ave_Loss = 0.691030)
2024-11-20 17:07:45,327 INFO Epoch 15 completed. Average Loss: 0.691120
2024-11-20 17:07:46,873 INFO Epoch 16: [512/782 (57%)]	Loss: 0.692891(Ave_Loss = 0.694366)
2024-11-20 17:07:47,223 INFO Epoch 16 completed. Average Loss: 0.693527
2024-11-20 17:07:48,778 INFO Epoch 17: [512/782 (57%)]	Loss: 0.690952(Ave_Loss = 0.692841)
2024-11-20 17:07:49,114 INFO Epoch 17 completed. Average Loss: 0.691833
2024-11-20 17:07:50,644 INFO Epoch 18: [512/782 (57%)]	Loss: 0.687249(Ave_Loss = 0.688806)
2024-11-20 17:07:50,996 INFO Epoch 18 completed. Average Loss: 0.689376
2024-11-20 17:07:52,494 INFO Epoch 19: [512/782 (57%)]	Loss: 0.698783(Ave_Loss = 0.694641)
2024-11-20 17:07:52,830 INFO Epoch 19 completed. Average Loss: 0.695052
2024-11-20 17:07:54,352 INFO Epoch 20: [512/782 (57%)]	Loss: 0.693423(Ave_Loss = 0.693043)
2024-11-20 17:07:54,682 INFO Epoch 20 completed. Average Loss: 0.693161
2024-11-20 17:07:56,213 INFO Epoch 21: [512/782 (57%)]	Loss: 0.693423(Ave_Loss = 0.692695)
2024-11-20 17:07:56,542 INFO Epoch 21 completed. Average Loss: 0.692858
2024-11-20 17:07:58,079 INFO Epoch 22: [512/782 (57%)]	Loss: 0.692854(Ave_Loss = 0.691231)
2024-11-20 17:07:58,432 INFO Epoch 22 completed. Average Loss: 0.691510
2024-11-20 17:07:59,953 INFO Epoch 23: [512/782 (57%)]	Loss: 0.691350(Ave_Loss = 0.690894)
2024-11-20 17:08:00,289 INFO Epoch 23 completed. Average Loss: 0.690969
2024-11-20 17:08:01,801 INFO Epoch 24: [512/782 (57%)]	Loss: 0.690571(Ave_Loss = 0.691368)
2024-11-20 17:08:02,138 INFO Epoch 24 completed. Average Loss: 0.691425
2024-11-20 17:08:03,651 INFO Epoch 25: [512/782 (57%)]	Loss: 0.692045(Ave_Loss = 0.692484)
2024-11-20 17:08:03,980 INFO Epoch 25 completed. Average Loss: 0.692470
2024-11-20 17:08:05,518 INFO Epoch 26: [512/782 (57%)]	Loss: 0.693326(Ave_Loss = 0.691727)
2024-11-20 17:08:05,846 INFO Epoch 26 completed. Average Loss: 0.691543
2024-11-20 17:08:07,351 INFO Epoch 27: [512/782 (57%)]	Loss: 0.690741(Ave_Loss = 0.691213)
2024-11-20 17:08:07,679 INFO Epoch 27 completed. Average Loss: 0.691443
2024-11-20 17:08:09,197 INFO Epoch 28: [512/782 (57%)]	Loss: 0.690671(Ave_Loss = 0.691172)
2024-11-20 17:08:09,529 INFO Epoch 28 completed. Average Loss: 0.690706
2024-11-20 17:08:11,043 INFO Epoch 29: [512/782 (57%)]	Loss: 0.691480(Ave_Loss = 0.690902)
2024-11-20 17:08:11,379 INFO Epoch 29 completed. Average Loss: 0.691219
2024-11-20 17:08:12,900 INFO Epoch 30: [512/782 (57%)]	Loss: 0.691766(Ave_Loss = 0.691972)
2024-11-20 17:08:13,310 INFO Epoch 30 completed. Average Loss: 0.691716
2024-11-20 17:08:14,868 INFO Epoch 31: [512/782 (57%)]	Loss: 0.691674(Ave_Loss = 0.689806)
2024-11-20 17:08:15,204 INFO Epoch 31 completed. Average Loss: 0.690254
2024-11-20 17:08:16,734 INFO Epoch 32: [512/782 (57%)]	Loss: 0.691133(Ave_Loss = 0.692859)
2024-11-20 17:08:17,063 INFO Epoch 32 completed. Average Loss: 0.693073
2024-11-20 17:08:18,560 INFO Epoch 33: [512/782 (57%)]	Loss: 0.690040(Ave_Loss = 0.689762)
2024-11-20 17:08:18,897 INFO Epoch 33 completed. Average Loss: 0.689949
2024-11-20 17:08:20,402 INFO Epoch 34: [512/782 (57%)]	Loss: 0.691177(Ave_Loss = 0.690383)
2024-11-20 17:08:20,738 INFO Epoch 34 completed. Average Loss: 0.690364
2024-11-20 17:08:22,236 INFO Epoch 35: [512/782 (57%)]	Loss: 0.688061(Ave_Loss = 0.690028)
2024-11-20 17:08:22,564 INFO Epoch 35 completed. Average Loss: 0.689944
2024-11-20 17:08:24,120 INFO Epoch 36: [512/782 (57%)]	Loss: 0.689206(Ave_Loss = 0.689109)
2024-11-20 17:08:24,473 INFO Epoch 36 completed. Average Loss: 0.689367
2024-11-20 17:08:26,083 INFO Epoch 37: [512/782 (57%)]	Loss: 0.691339(Ave_Loss = 0.691006)
2024-11-20 17:08:26,436 INFO Epoch 37 completed. Average Loss: 0.690605
2024-11-20 17:08:28,077 INFO Epoch 38: [512/782 (57%)]	Loss: 0.689753(Ave_Loss = 0.690189)
2024-11-20 17:08:28,414 INFO Epoch 38 completed. Average Loss: 0.690601
2024-11-20 17:08:29,942 INFO Epoch 39: [512/782 (57%)]	Loss: 0.690421(Ave_Loss = 0.690300)
2024-11-20 17:08:30,287 INFO Epoch 39 completed. Average Loss: 0.690370
2024-11-20 17:08:32,056 INFO Epoch 40: [512/782 (57%)]	Loss: 0.691458(Ave_Loss = 0.690327)
2024-11-20 17:08:32,391 INFO Epoch 40 completed. Average Loss: 0.689348
2024-11-20 17:08:33,904 INFO Epoch 41: [512/782 (57%)]	Loss: 0.690884(Ave_Loss = 0.689699)
2024-11-20 17:08:34,232 INFO Epoch 41 completed. Average Loss: 0.689310
2024-11-20 17:08:35,764 INFO Epoch 42: [512/782 (57%)]	Loss: 0.691098(Ave_Loss = 0.690168)
2024-11-20 17:08:36,101 INFO Epoch 42 completed. Average Loss: 0.690143
2024-11-20 17:08:37,615 INFO Epoch 43: [512/782 (57%)]	Loss: 0.687164(Ave_Loss = 0.687074)
2024-11-20 17:08:37,959 INFO Epoch 43 completed. Average Loss: 0.688191
2024-11-20 17:08:39,480 INFO Epoch 44: [512/782 (57%)]	Loss: 0.698035(Ave_Loss = 0.695646)
2024-11-20 17:08:39,818 INFO Epoch 44 completed. Average Loss: 0.695234
2024-11-20 17:08:41,314 INFO Epoch 45: [512/782 (57%)]	Loss: 0.692736(Ave_Loss = 0.690649)
2024-11-20 17:08:41,650 INFO Epoch 45 completed. Average Loss: 0.691025
2024-11-20 17:08:43,164 INFO Epoch 46: [512/782 (57%)]	Loss: 0.688915(Ave_Loss = 0.687236)
2024-11-20 17:08:43,500 INFO Epoch 46 completed. Average Loss: 0.687022
2024-11-20 17:08:45,118 INFO Epoch 47: [512/782 (57%)]	Loss: 0.693338(Ave_Loss = 0.690048)
2024-11-20 17:08:45,470 INFO Epoch 47 completed. Average Loss: 0.689620
2024-11-20 17:08:47,087 INFO Epoch 48: [512/782 (57%)]	Loss: 0.688746(Ave_Loss = 0.689916)
2024-11-20 17:08:47,440 INFO Epoch 48 completed. Average Loss: 0.689697
2024-11-20 17:08:48,985 INFO Epoch 49: [512/782 (57%)]	Loss: 0.690245(Ave_Loss = 0.688990)
2024-11-20 17:08:49,338 INFO Epoch 49 completed. Average Loss: 0.688672
2024-11-20 17:08:50,852 INFO Epoch 50: [512/782 (57%)]	Loss: 0.687778(Ave_Loss = 0.689436)
2024-11-20 17:08:51,173 INFO Epoch 50 completed. Average Loss: 0.689352
2024-11-20 17:08:52,703 INFO Epoch 51: [512/782 (57%)]	Loss: 0.689188(Ave_Loss = 0.687362)
2024-11-20 17:08:53,031 INFO Epoch 51 completed. Average Loss: 0.687821
2024-11-20 17:08:55,022 INFO Epoch 52: [512/782 (57%)]	Loss: 0.686962(Ave_Loss = 0.687592)
2024-11-20 17:08:55,705 INFO Epoch 52 completed. Average Loss: 0.687453
2024-11-20 17:08:58,705 INFO Epoch 53: [512/782 (57%)]	Loss: 0.682905(Ave_Loss = 0.686449)
2024-11-20 17:08:59,374 INFO Epoch 53 completed. Average Loss: 0.688141
2024-11-20 17:09:02,355 INFO Epoch 54: [512/782 (57%)]	Loss: 0.694161(Ave_Loss = 0.688352)
2024-11-20 17:09:03,004 INFO Epoch 54 completed. Average Loss: 0.688864
2024-11-20 17:09:05,948 INFO Epoch 55: [512/782 (57%)]	Loss: 0.685083(Ave_Loss = 0.683861)
2024-11-20 17:09:06,583 INFO Epoch 55 completed. Average Loss: 0.685164
2024-11-20 17:09:09,552 INFO Epoch 56: [512/782 (57%)]	Loss: 0.687780(Ave_Loss = 0.686600)
2024-11-20 17:09:10,211 INFO Epoch 56 completed. Average Loss: 0.687663
2024-11-20 17:09:13,100 INFO Epoch 57: [512/782 (57%)]	Loss: 0.688337(Ave_Loss = 0.686088)
2024-11-20 17:09:13,857 INFO Epoch 57 completed. Average Loss: 0.686008
2024-11-20 17:09:16,875 INFO Epoch 58: [512/782 (57%)]	Loss: 0.684995(Ave_Loss = 0.685776)
2024-11-20 17:09:17,583 INFO Epoch 58 completed. Average Loss: 0.687607
2024-11-20 17:09:20,450 INFO Epoch 59: [512/782 (57%)]	Loss: 0.684822(Ave_Loss = 0.684350)
2024-11-20 17:09:21,154 INFO Epoch 59 completed. Average Loss: 0.684946
2024-11-20 17:09:24,089 INFO Epoch 60: [512/782 (57%)]	Loss: 0.685597(Ave_Loss = 0.687372)
2024-11-20 17:09:24,774 INFO Epoch 60 completed. Average Loss: 0.687449
2024-11-20 17:09:27,753 INFO Epoch 61: [512/782 (57%)]	Loss: 0.687379(Ave_Loss = 0.686571)
2024-11-20 17:09:28,535 INFO Epoch 61 completed. Average Loss: 0.685852
2024-11-20 17:09:31,617 INFO Epoch 62: [512/782 (57%)]	Loss: 0.684977(Ave_Loss = 0.685339)
2024-11-20 17:09:32,287 INFO Epoch 62 completed. Average Loss: 0.685135
2024-11-20 17:09:35,258 INFO Epoch 63: [512/782 (57%)]	Loss: 0.683062(Ave_Loss = 0.685077)
2024-11-20 17:09:35,891 INFO Epoch 63 completed. Average Loss: 0.686360
2024-11-20 17:09:38,778 INFO Epoch 64: [512/782 (57%)]	Loss: 0.686343(Ave_Loss = 0.684843)
2024-11-20 17:09:39,402 INFO Epoch 64 completed. Average Loss: 0.685920
2024-11-20 17:09:42,371 INFO Epoch 65: [512/782 (57%)]	Loss: 0.684972(Ave_Loss = 0.685157)
2024-11-20 17:09:43,076 INFO Epoch 65 completed. Average Loss: 0.685820
2024-11-20 17:09:45,906 INFO Epoch 66: [512/782 (57%)]	Loss: 0.685884(Ave_Loss = 0.685725)
2024-11-20 17:09:46,554 INFO Epoch 66 completed. Average Loss: 0.685898
2024-11-20 17:09:49,584 INFO Epoch 67: [512/782 (57%)]	Loss: 0.689204(Ave_Loss = 0.684399)
2024-11-20 17:09:50,218 INFO Epoch 67 completed. Average Loss: 0.684623
2024-11-20 17:09:53,149 INFO Epoch 68: [512/782 (57%)]	Loss: 0.680215(Ave_Loss = 0.683742)
2024-11-20 17:09:53,829 INFO Epoch 68 completed. Average Loss: 0.683843
2024-11-20 17:09:56,682 INFO Epoch 69: [512/782 (57%)]	Loss: 0.682153(Ave_Loss = 0.684102)
2024-11-20 17:09:57,330 INFO Epoch 69 completed. Average Loss: 0.683913
2024-11-20 17:10:00,217 INFO Epoch 70: [512/782 (57%)]	Loss: 0.682302(Ave_Loss = 0.684857)
2024-11-20 17:10:00,857 INFO Epoch 70 completed. Average Loss: 0.684982
2024-11-20 17:10:03,775 INFO Epoch 71: [512/782 (57%)]	Loss: 0.687194(Ave_Loss = 0.684991)
2024-11-20 17:10:04,440 INFO Epoch 71 completed. Average Loss: 0.684697
2024-11-20 17:10:07,437 INFO Epoch 72: [512/782 (57%)]	Loss: 0.684175(Ave_Loss = 0.682899)
2024-11-20 17:10:08,109 INFO Epoch 72 completed. Average Loss: 0.682729
2024-11-20 17:10:11,034 INFO Epoch 73: [512/782 (57%)]	Loss: 0.677671(Ave_Loss = 0.682941)
2024-11-20 17:10:11,706 INFO Epoch 73 completed. Average Loss: 0.683460
2024-11-20 17:10:14,579 INFO Epoch 74: [512/782 (57%)]	Loss: 0.680694(Ave_Loss = 0.681911)
2024-11-20 17:10:15,196 INFO Epoch 74 completed. Average Loss: 0.682213
2024-11-20 17:10:15,196 INFO Training completed. Overall Average Loss: 0.689666
